<?xml version="1.0" encoding="UTF-8"?>
<coverage generated="1670193582942" clover="3.2.0">
  <project timestamp="1670193582942" name="All files">
    <metrics statements="80" coveredstatements="66" conditionals="12" coveredconditionals="8" methods="37" coveredmethods="27" elements="129" coveredelements="101" complexity="0" loc="80" ncloc="80" packages="5" files="9" classes="9"/>
    <package name="src">
      <metrics statements="2" coveredstatements="2" conditionals="0" coveredconditionals="0" methods="1" coveredmethods="1"/>
      <file name="App.css" path="/Users/lilianbarrosbertolaccini/PROJETOS/sd-025-b-project-starwars-planets-search/src/App.css">
        <metrics statements="1" coveredstatements="1" conditionals="0" coveredconditionals="0" methods="0" coveredmethods="0"/>
        <line num="1" count="1" type="stmt"/>
      </file>
      <file name="App.js" path="/Users/lilianbarrosbertolaccini/PROJETOS/sd-025-b-project-starwars-planets-search/src/App.js">
        <metrics statements="1" coveredstatements="1" conditionals="0" coveredconditionals="0" methods="1" coveredmethods="1"/>
        <line num="7" count="2" type="stmt"/>
      </file>
    </package>
    <package name="src.components">
      <metrics statements="65" coveredstatements="51" conditionals="12" coveredconditionals="8" methods="31" coveredmethods="21"/>
      <file name="Forms.js" path="/Users/lilianbarrosbertolaccini/PROJETOS/sd-025-b-project-starwars-planets-search/src/components/Forms.js">
        <metrics statements="49" coveredstatements="37" conditionals="4" coveredconditionals="2" methods="26" coveredmethods="16"/>
        <line num="15" count="26" type="stmt"/>
        <line num="17" count="26" type="stmt"/>
        <line num="25" count="26" type="stmt"/>
        <line num="26" count="26" type="stmt"/>
        <line num="31" count="26" type="stmt"/>
        <line num="33" count="26" type="stmt"/>
        <line num="34" count="10" type="stmt"/>
        <line num="35" count="10" type="stmt"/>
        <line num="38" count="26" type="stmt"/>
        <line num="39" count="6" type="cond" truecount="2" falsecount="0"/>
        <line num="40" count="2" type="stmt"/>
        <line num="41" count="20" type="stmt"/>
        <line num="42" count="2" type="stmt"/>
        <line num="44" count="4" type="stmt"/>
        <line num="48" count="26" type="stmt"/>
        <line num="49" count="5" type="stmt"/>
        <line num="56" count="26" type="stmt"/>
        <line num="57" count="10" type="stmt"/>
        <line num="58" count="2" type="stmt"/>
        <line num="59" count="2" type="stmt"/>
        <line num="60" count="2" type="stmt"/>
        <line num="61" count="2" type="stmt"/>
        <line num="62" count="2" type="stmt"/>
        <line num="66" count="26" type="stmt"/>
        <line num="67" count="0" type="stmt"/>
        <line num="68" count="0" type="stmt"/>
        <line num="69" count="0" type="stmt"/>
        <line num="70" count="0" type="stmt"/>
        <line num="71" count="0" type="cond" truecount="0" falsecount="2"/>
        <line num="72" count="0" type="stmt"/>
        <line num="74" count="0" type="stmt"/>
        <line num="76" count="0" type="stmt"/>
        <line num="79" count="26" type="stmt"/>
        <line num="87" count="2" type="stmt"/>
        <line num="97" count="126" type="stmt"/>
        <line num="128" count="4" type="stmt"/>
        <line num="136" count="1" type="stmt"/>
        <line num="137" count="1" type="stmt"/>
        <line num="138" count="1" type="stmt"/>
        <line num="139" count="1" type="stmt"/>
        <line num="140" count="5" type="stmt"/>
        <line num="141" count="1" type="stmt"/>
        <line num="142" count="1" type="stmt"/>
        <line num="143" count="1" type="stmt"/>
        <line num="153" count="0" type="stmt"/>
        <line num="164" count="0" type="stmt"/>
        <line num="168" count="130" type="stmt"/>
        <line num="179" count="0" type="stmt"/>
        <line num="189" count="0" type="stmt"/>
      </file>
      <file name="NumberFilter.js" path="/Users/lilianbarrosbertolaccini/PROJETOS/sd-025-b-project-starwars-planets-search/src/components/NumberFilter.js">
        <metrics statements="13" coveredstatements="11" conditionals="6" coveredconditionals="4" methods="3" coveredmethods="3"/>
        <line num="1" count="1" type="stmt"/>
        <line num="2" count="3" type="stmt"/>
        <line num="3" count="3" type="stmt"/>
        <line num="4" count="2" type="stmt"/>
        <line num="5" count="20" type="cond" truecount="1" falsecount="1"/>
        <line num="6" count="0" type="stmt"/>
        <line num="8" count="20" type="cond" truecount="2" falsecount="0"/>
        <line num="9" count="10" type="stmt"/>
        <line num="11" count="10" type="cond" truecount="1" falsecount="1"/>
        <line num="12" count="10" type="stmt"/>
        <line num="14" count="0" type="stmt"/>
        <line num="16" count="2" type="stmt"/>
        <line num="18" count="3" type="stmt"/>
      </file>
      <file name="Table.js" path="/Users/lilianbarrosbertolaccini/PROJETOS/sd-025-b-project-starwars-planets-search/src/components/Table.js">
        <metrics statements="3" coveredstatements="3" conditionals="2" coveredconditionals="2" methods="2" coveredmethods="2"/>
        <line num="6" count="13" type="stmt"/>
        <line num="8" count="13" type="stmt"/>
        <line num="33" count="62" type="stmt"/>
      </file>
    </package>
    <package name="src.context">
      <metrics statements="11" coveredstatements="11" conditionals="0" coveredconditionals="0" methods="4" coveredmethods="4"/>
      <file name="StarWarContext.js" path="/Users/lilianbarrosbertolaccini/PROJETOS/sd-025-b-project-starwars-planets-search/src/context/StarWarContext.js">
        <metrics statements="1" coveredstatements="1" conditionals="0" coveredconditionals="0" methods="0" coveredmethods="0"/>
        <line num="3" count="1" type="stmt"/>
      </file>
      <file name="StarWarProvider.js" path="/Users/lilianbarrosbertolaccini/PROJETOS/sd-025-b-project-starwars-planets-search/src/context/StarWarProvider.js">
        <metrics statements="10" coveredstatements="10" conditionals="0" coveredconditionals="0" methods="4" coveredmethods="4"/>
        <line num="8" count="13" type="stmt"/>
        <line num="9" count="13" type="stmt"/>
        <line num="10" count="13" type="stmt"/>
        <line num="11" count="13" type="stmt"/>
        <line num="20" count="13" type="stmt"/>
        <line num="21" count="20" type="stmt"/>
        <line num="22" count="2" type="stmt"/>
        <line num="25" count="13" type="stmt"/>
        <line num="37" count="13" type="stmt"/>
        <line num="44" count="1" type="stmt"/>
      </file>
    </package>
    <package name="src.service">
      <metrics statements="1" coveredstatements="1" conditionals="0" coveredconditionals="0" methods="1" coveredmethods="1"/>
      <file name="requestAPI.js" path="/Users/lilianbarrosbertolaccini/PROJETOS/sd-025-b-project-starwars-planets-search/src/service/requestAPI.js">
        <metrics statements="1" coveredstatements="1" conditionals="0" coveredconditionals="0" methods="1" coveredmethods="1"/>
        <line num="11" count="2" type="stmt"/>
      </file>
    </package>
    <package name="src.tests">
      <metrics statements="1" coveredstatements="1" conditionals="0" coveredconditionals="0" methods="0" coveredmethods="0"/>
      <file name="mock.js" path="/Users/lilianbarrosbertolaccini/PROJETOS/sd-025-b-project-starwars-planets-search/src/tests/mock.js">
        <metrics statements="1" coveredstatements="1" conditionals="0" coveredconditionals="0" methods="0" coveredmethods="0"/>
        <line num="1" count="1" type="stmt"/>
      </file>
    </package>
  </project>
</coverage>
