{"total": {"lines":{"total":66,"covered":32,"skipped":0,"pct":48.48},"statements":{"total":74,"covered":35,"skipped":0,"pct":47.29},"functions":{"total":28,"covered":12,"skipped":0,"pct":42.85},"branches":{"total":10,"covered":3,"skipped":0,"pct":30},"branchesTrue":{"total":0,"covered":0,"skipped":0,"pct":100}}
,"/Users/lilianbarrosbertolaccini/PROJETOS/sd-025-b-project-starwars-planets-search/src/App.css": {"lines":{"total":1,"covered":1,"skipped":0,"pct":100},"functions":{"total":0,"covered":0,"skipped":0,"pct":100},"statements":{"total":1,"covered":1,"skipped":0,"pct":100},"branches":{"total":0,"covered":0,"skipped":0,"pct":100}}
,"/Users/lilianbarrosbertolaccini/PROJETOS/sd-025-b-project-starwars-planets-search/src/App.js": {"lines":{"total":1,"covered":1,"skipped":0,"pct":100},"functions":{"total":1,"covered":1,"skipped":0,"pct":100},"statements":{"total":1,"covered":1,"skipped":0,"pct":100},"branches":{"total":0,"covered":0,"skipped":0,"pct":100}}
,"/Users/lilianbarrosbertolaccini/PROJETOS/sd-025-b-project-starwars-planets-search/src/components/Forms.js": {"lines":{"total":35,"covered":13,"skipped":0,"pct":37.14},"functions":{"total":17,"covered":4,"skipped":0,"pct":23.52},"statements":{"total":40,"covered":13,"skipped":0,"pct":32.5},"branches":{"total":2,"covered":1,"skipped":0,"pct":50}}
,"/Users/lilianbarrosbertolaccini/PROJETOS/sd-025-b-project-starwars-planets-search/src/components/NumberFilter.js": {"lines":{"total":13,"covered":1,"skipped":0,"pct":7.69},"functions":{"total":3,"covered":0,"skipped":0,"pct":0},"statements":{"total":13,"covered":1,"skipped":0,"pct":7.69},"branches":{"total":6,"covered":0,"skipped":0,"pct":0}}
,"/Users/lilianbarrosbertolaccini/PROJETOS/sd-025-b-project-starwars-planets-search/src/components/Table.js": {"lines":{"total":3,"covered":3,"skipped":0,"pct":100},"functions":{"total":2,"covered":2,"skipped":0,"pct":100},"statements":{"total":3,"covered":3,"skipped":0,"pct":100},"branches":{"total":2,"covered":2,"skipped":0,"pct":100}}
,"/Users/lilianbarrosbertolaccini/PROJETOS/sd-025-b-project-starwars-planets-search/src/context/StarWarContext.js": {"lines":{"total":1,"covered":1,"skipped":0,"pct":100},"functions":{"total":0,"covered":0,"skipped":0,"pct":100},"statements":{"total":1,"covered":1,"skipped":0,"pct":100},"branches":{"total":0,"covered":0,"skipped":0,"pct":100}}
,"/Users/lilianbarrosbertolaccini/PROJETOS/sd-025-b-project-starwars-planets-search/src/context/StarWarProvider.js": {"lines":{"total":10,"covered":10,"skipped":0,"pct":100},"functions":{"total":4,"covered":4,"skipped":0,"pct":100},"statements":{"total":12,"covered":12,"skipped":0,"pct":100},"branches":{"total":0,"covered":0,"skipped":0,"pct":100}}
,"/Users/lilianbarrosbertolaccini/PROJETOS/sd-025-b-project-starwars-planets-search/src/service/requestAPI.js": {"lines":{"total":1,"covered":1,"skipped":0,"pct":100},"functions":{"total":1,"covered":1,"skipped":0,"pct":100},"statements":{"total":2,"covered":2,"skipped":0,"pct":100},"branches":{"total":0,"covered":0,"skipped":0,"pct":100}}
,"/Users/lilianbarrosbertolaccini/PROJETOS/sd-025-b-project-starwars-planets-search/src/tests/mock.js": {"lines":{"total":1,"covered":1,"skipped":0,"pct":100},"functions":{"total":0,"covered":0,"skipped":0,"pct":100},"statements":{"total":1,"covered":1,"skipped":0,"pct":100},"branches":{"total":0,"covered":0,"skipped":0,"pct":100}}
}
