{"/Users/lilianbarrosbertolaccini/PROJETOS/sd-025-b-project-starwars-planets-search/src/App.css": {"path":"/Users/lilianbarrosbertolaccini/PROJETOS/sd-025-b-project-starwars-planets-search/src/App.css","statementMap":{"0":{"start":{"line":1,"column":0},"end":{"line":1,"column":20}}},"fnMap":{},"branchMap":{},"s":{"0":1},"f":{},"b":{},"inputSourceMap":null,"_coverageSchema":"1a1c01bbd47fc00a2c39e90264f33305004495a9","hash":"29eab2675badd01e326807404c66e3b9780da791"}
,"/Users/lilianbarrosbertolaccini/PROJETOS/sd-025-b-project-starwars-planets-search/src/App.js": {"path":"/Users/lilianbarrosbertolaccini/PROJETOS/sd-025-b-project-starwars-planets-search/src/App.js","statementMap":{"0":{"start":{"line":7,"column":2},"end":{"line":12,"column":4}}},"fnMap":{"0":{"name":"App","decl":{"start":{"line":6,"column":9},"end":{"line":6,"column":12}},"loc":{"start":{"line":6,"column":15},"end":{"line":13,"column":1}},"line":6}},"branchMap":{},"s":{"0":2},"f":{"0":2},"b":{},"_coverageSchema":"1a1c01bbd47fc00a2c39e90264f33305004495a9","hash":"512e5fb79fb930183c154d78501e34ffa253eaa4"}
,"/Users/lilianbarrosbertolaccini/PROJETOS/sd-025-b-project-starwars-planets-search/src/components/Forms.js": {"path":"/Users/lilianbarrosbertolaccini/PROJETOS/sd-025-b-project-starwars-planets-search/src/components/Forms.js","statementMap":{"0":{"start":{"line":15,"column":6},"end":{"line":15,"column":32}},"1":{"start":{"line":17,"column":28},"end":{"line":23,"column":3}},"2":{"start":{"line":25,"column":40},"end":{"line":25,"column":67}},"3":{"start":{"line":26,"column":42},"end":{"line":30,"column":4}},"4":{"start":{"line":31,"column":34},"end":{"line":31,"column":81}},"5":{"start":{"line":33,"column":23},"end":{"line":36,"column":3}},"6":{"start":{"line":34,"column":28},"end":{"line":34,"column":34}},"7":{"start":{"line":35,"column":4},"end":{"line":35,"column":60}},"8":{"start":{"line":35,"column":31},"end":{"line":35,"column":57}},"9":{"start":{"line":38,"column":2},"end":{"line":46,"column":43}},"10":{"start":{"line":39,"column":4},"end":{"line":45,"column":5}},"11":{"start":{"line":40,"column":25},"end":{"line":41,"column":77}},"12":{"start":{"line":41,"column":24},"end":{"line":41,"column":76}},"13":{"start":{"line":42,"column":6},"end":{"line":42,"column":32}},"14":{"start":{"line":44,"column":6},"end":{"line":44,"column":33}},"15":{"start":{"line":48,"column":2},"end":{"line":54,"column":33}},"16":{"start":{"line":49,"column":4},"end":{"line":53,"column":7}},"17":{"start":{"line":56,"column":28},"end":{"line":64,"column":3}},"18":{"start":{"line":57,"column":4},"end":{"line":57,"column":79}},"19":{"start":{"line":57,"column":48},"end":{"line":57,"column":76}},"20":{"start":{"line":58,"column":4},"end":{"line":63,"column":7}},"21":{"start":{"line":59,"column":20},"end":{"line":59,"column":43}},"22":{"start":{"line":60,"column":6},"end":{"line":60,"column":53}},"23":{"start":{"line":61,"column":6},"end":{"line":61,"column":35}},"24":{"start":{"line":62,"column":6},"end":{"line":62,"column":19}},"25":{"start":{"line":66,"column":26},"end":{"line":77,"column":3}},"26":{"start":{"line":67,"column":24},"end":{"line":68,"column":56}},"27":{"start":{"line":68,"column":22},"end":{"line":68,"column":55}},"28":{"start":{"line":69,"column":25},"end":{"line":70,"column":56}},"29":{"start":{"line":70,"column":22},"end":{"line":70,"column":55}},"30":{"start":{"line":71,"column":4},"end":{"line":75,"column":5}},"31":{"start":{"line":72,"column":6},"end":{"line":72,"column":80}},"32":{"start":{"line":72,"column":33},"end":{"line":72,"column":78}},"33":{"start":{"line":74,"column":6},"end":{"line":74,"column":80}},"34":{"start":{"line":74,"column":33},"end":{"line":74,"column":78}},"35":{"start":{"line":76,"column":4},"end":{"line":76,"column":60}},"36":{"start":{"line":79,"column":2},"end":{"line":199,"column":4}},"37":{"start":{"line":87,"column":35},"end":{"line":87,"column":58}},"38":{"start":{"line":97,"column":10},"end":{"line":97,"column":54}},"39":{"start":{"line":128,"column":10},"end":{"line":149,"column":16}},"40":{"start":{"line":136,"column":34},"end":{"line":137,"column":66}},"41":{"start":{"line":137,"column":36},"end":{"line":137,"column":65}},"42":{"start":{"line":138,"column":16},"end":{"line":138,"column":41}},"43":{"start":{"line":139,"column":32},"end":{"line":139,"column":66}},"44":{"start":{"line":139,"column":55},"end":{"line":139,"column":65}},"45":{"start":{"line":140,"column":31},"end":{"line":140,"column":86}},"46":{"start":{"line":140,"column":64},"end":{"line":140,"column":85}},"47":{"start":{"line":141,"column":16},"end":{"line":141,"column":39}},"48":{"start":{"line":142,"column":28},"end":{"line":142,"column":63}},"49":{"start":{"line":143,"column":16},"end":{"line":143,"column":35}},"50":{"start":{"line":153,"column":26},"end":{"line":153,"column":45}},"51":{"start":{"line":153,"column":46},"end":{"line":153,"column":73}},"52":{"start":{"line":164,"column":10},"end":{"line":164,"column":61}},"53":{"start":{"line":168,"column":43},"end":{"line":168,"column":87}},"54":{"start":{"line":179,"column":25},"end":{"line":179,"column":66}},"55":{"start":{"line":189,"column":25},"end":{"line":189,"column":67}}},"fnMap":{"0":{"name":"Forms","decl":{"start":{"line":5,"column":9},"end":{"line":5,"column":14}},"loc":{"start":{"line":5,"column":17},"end":{"line":200,"column":1}},"line":5},"1":{"name":"(anonymous_1)","decl":{"start":{"line":33,"column":23},"end":{"line":33,"column":24}},"loc":{"start":{"line":33,"column":39},"end":{"line":36,"column":3}},"line":33},"2":{"name":"(anonymous_2)","decl":{"start":{"line":35,"column":20},"end":{"line":35,"column":21}},"loc":{"start":{"line":35,"column":31},"end":{"line":35,"column":57}},"line":35},"3":{"name":"(anonymous_3)","decl":{"start":{"line":38,"column":12},"end":{"line":38,"column":13}},"loc":{"start":{"line":38,"column":18},"end":{"line":46,"column":3}},"line":38},"4":{"name":"(anonymous_4)","decl":{"start":{"line":41,"column":16},"end":{"line":41,"column":17}},"loc":{"start":{"line":41,"column":24},"end":{"line":41,"column":76}},"line":41},"5":{"name":"(anonymous_5)","decl":{"start":{"line":48,"column":12},"end":{"line":48,"column":13}},"loc":{"start":{"line":48,"column":18},"end":{"line":54,"column":3}},"line":48},"6":{"name":"(anonymous_6)","decl":{"start":{"line":56,"column":28},"end":{"line":56,"column":29}},"loc":{"start":{"line":56,"column":34},"end":{"line":64,"column":3}},"line":56},"7":{"name":"(anonymous_7)","decl":{"start":{"line":57,"column":38},"end":{"line":57,"column":39}},"loc":{"start":{"line":57,"column":48},"end":{"line":57,"column":76}},"line":57},"8":{"name":"(anonymous_8)","decl":{"start":{"line":58,"column":19},"end":{"line":58,"column":20}},"loc":{"start":{"line":58,"column":29},"end":{"line":63,"column":5}},"line":58},"9":{"name":"(anonymous_9)","decl":{"start":{"line":66,"column":26},"end":{"line":66,"column":27}},"loc":{"start":{"line":66,"column":32},"end":{"line":77,"column":3}},"line":66},"10":{"name":"(anonymous_10)","decl":{"start":{"line":68,"column":14},"end":{"line":68,"column":15}},"loc":{"start":{"line":68,"column":22},"end":{"line":68,"column":55}},"line":68},"11":{"name":"(anonymous_11)","decl":{"start":{"line":70,"column":14},"end":{"line":70,"column":15}},"loc":{"start":{"line":70,"column":22},"end":{"line":70,"column":55}},"line":70},"12":{"name":"(anonymous_12)","decl":{"start":{"line":72,"column":23},"end":{"line":72,"column":24}},"loc":{"start":{"line":72,"column":33},"end":{"line":72,"column":78}},"line":72},"13":{"name":"(anonymous_13)","decl":{"start":{"line":74,"column":23},"end":{"line":74,"column":24}},"loc":{"start":{"line":74,"column":33},"end":{"line":74,"column":78}},"line":74},"14":{"name":"(anonymous_14)","decl":{"start":{"line":87,"column":19},"end":{"line":87,"column":20}},"loc":{"start":{"line":87,"column":35},"end":{"line":87,"column":58}},"line":87},"15":{"name":"(anonymous_15)","decl":{"start":{"line":96,"column":26},"end":{"line":96,"column":27}},"loc":{"start":{"line":97,"column":10},"end":{"line":97,"column":54}},"line":97},"16":{"name":"(anonymous_16)","decl":{"start":{"line":127,"column":24},"end":{"line":127,"column":25}},"loc":{"start":{"line":128,"column":10},"end":{"line":149,"column":16}},"line":128},"17":{"name":"(anonymous_17)","decl":{"start":{"line":135,"column":24},"end":{"line":135,"column":25}},"loc":{"start":{"line":135,"column":31},"end":{"line":144,"column":15}},"line":135},"18":{"name":"(anonymous_18)","decl":{"start":{"line":137,"column":26},"end":{"line":137,"column":27}},"loc":{"start":{"line":137,"column":36},"end":{"line":137,"column":65}},"line":137},"19":{"name":"(anonymous_19)","decl":{"start":{"line":139,"column":46},"end":{"line":139,"column":47}},"loc":{"start":{"line":139,"column":55},"end":{"line":139,"column":65}},"line":139},"20":{"name":"(anonymous_20)","decl":{"start":{"line":140,"column":56},"end":{"line":140,"column":57}},"loc":{"start":{"line":140,"column":64},"end":{"line":140,"column":85}},"line":140},"21":{"name":"(anonymous_21)","decl":{"start":{"line":153,"column":18},"end":{"line":153,"column":19}},"loc":{"start":{"line":153,"column":24},"end":{"line":153,"column":75}},"line":153},"22":{"name":"(anonymous_22)","decl":{"start":{"line":163,"column":19},"end":{"line":163,"column":20}},"loc":{"start":{"line":163,"column":35},"end":{"line":165,"column":9}},"line":163},"23":{"name":"(anonymous_23)","decl":{"start":{"line":168,"column":32},"end":{"line":168,"column":33}},"loc":{"start":{"line":168,"column":43},"end":{"line":168,"column":87}},"line":168},"24":{"name":"(anonymous_24)","decl":{"start":{"line":179,"column":19},"end":{"line":179,"column":20}},"loc":{"start":{"line":179,"column":25},"end":{"line":179,"column":66}},"line":179},"25":{"name":"(anonymous_25)","decl":{"start":{"line":189,"column":19},"end":{"line":189,"column":20}},"loc":{"start":{"line":189,"column":25},"end":{"line":189,"column":67}},"line":189}},"branchMap":{"0":{"loc":{"start":{"line":39,"column":4},"end":{"line":45,"column":5}},"type":"if","locations":[{"start":{"line":39,"column":4},"end":{"line":45,"column":5}},{"start":{"line":43,"column":11},"end":{"line":45,"column":5}}],"line":39},"1":{"loc":{"start":{"line":71,"column":4},"end":{"line":75,"column":5}},"type":"if","locations":[{"start":{"line":71,"column":4},"end":{"line":75,"column":5}},{"start":{"line":73,"column":11},"end":{"line":75,"column":5}}],"line":71}},"s":{"0":26,"1":26,"2":26,"3":26,"4":26,"5":26,"6":10,"7":10,"8":10,"9":26,"10":6,"11":2,"12":20,"13":2,"14":4,"15":26,"16":5,"17":26,"18":2,"19":10,"20":2,"21":2,"22":2,"23":2,"24":2,"25":26,"26":0,"27":0,"28":0,"29":0,"30":0,"31":0,"32":0,"33":0,"34":0,"35":0,"36":26,"37":2,"38":126,"39":4,"40":1,"41":1,"42":1,"43":1,"44":0,"45":1,"46":5,"47":1,"48":1,"49":1,"50":0,"51":0,"52":0,"53":130,"54":0,"55":0},"f":{"0":26,"1":10,"2":10,"3":6,"4":20,"5":5,"6":2,"7":10,"8":2,"9":0,"10":0,"11":0,"12":0,"13":0,"14":2,"15":126,"16":4,"17":1,"18":1,"19":0,"20":5,"21":0,"22":0,"23":130,"24":0,"25":0},"b":{"0":[2,4],"1":[0,0]},"_coverageSchema":"1a1c01bbd47fc00a2c39e90264f33305004495a9","hash":"85885cf2aa38c26bf59a68667e041259f4371e46"}
,"/Users/lilianbarrosbertolaccini/PROJETOS/sd-025-b-project-starwars-planets-search/src/components/NumberFilter.js": {"path":"/Users/lilianbarrosbertolaccini/PROJETOS/sd-025-b-project-starwars-planets-search/src/components/NumberFilter.js","statementMap":{"0":{"start":{"line":1,"column":21},"end":{"line":19,"column":1}},"1":{"start":{"line":2,"column":13},"end":{"line":2,"column":23}},"2":{"start":{"line":3,"column":2},"end":{"line":17,"column":5}},"3":{"start":{"line":4,"column":23},"end":{"line":15,"column":6}},"4":{"start":{"line":5,"column":6},"end":{"line":7,"column":7}},"5":{"start":{"line":6,"column":8},"end":{"line":6,"column":52}},"6":{"start":{"line":8,"column":6},"end":{"line":10,"column":7}},"7":{"start":{"line":9,"column":8},"end":{"line":9,"column":52}},"8":{"start":{"line":11,"column":6},"end":{"line":13,"column":7}},"9":{"start":{"line":12,"column":8},"end":{"line":12,"column":54}},"10":{"start":{"line":14,"column":6},"end":{"line":14,"column":19}},"11":{"start":{"line":16,"column":4},"end":{"line":16,"column":22}},"12":{"start":{"line":18,"column":2},"end":{"line":18,"column":14}}},"fnMap":{"0":{"name":"(anonymous_0)","decl":{"start":{"line":1,"column":21},"end":{"line":1,"column":22}},"loc":{"start":{"line":1,"column":50},"end":{"line":19,"column":1}},"line":1},"1":{"name":"(anonymous_1)","decl":{"start":{"line":3,"column":23},"end":{"line":3,"column":24}},"loc":{"start":{"line":3,"column":36},"end":{"line":17,"column":3}},"line":3},"2":{"name":"(anonymous_2)","decl":{"start":{"line":4,"column":35},"end":{"line":4,"column":36}},"loc":{"start":{"line":4,"column":43},"end":{"line":15,"column":5}},"line":4}},"branchMap":{"0":{"loc":{"start":{"line":5,"column":6},"end":{"line":7,"column":7}},"type":"if","locations":[{"start":{"line":5,"column":6},"end":{"line":7,"column":7}},{"start":{},"end":{}}],"line":5},"1":{"loc":{"start":{"line":8,"column":6},"end":{"line":10,"column":7}},"type":"if","locations":[{"start":{"line":8,"column":6},"end":{"line":10,"column":7}},{"start":{},"end":{}}],"line":8},"2":{"loc":{"start":{"line":11,"column":6},"end":{"line":13,"column":7}},"type":"if","locations":[{"start":{"line":11,"column":6},"end":{"line":13,"column":7}},{"start":{},"end":{}}],"line":11}},"s":{"0":1,"1":3,"2":3,"3":2,"4":20,"5":0,"6":20,"7":10,"8":10,"9":10,"10":0,"11":2,"12":3},"f":{"0":3,"1":2,"2":20},"b":{"0":[0,20],"1":[10,10],"2":[10,0]},"_coverageSchema":"1a1c01bbd47fc00a2c39e90264f33305004495a9","hash":"b12b32e9754baaaa5648e89e2c52a31e4d5a17eb"}
,"/Users/lilianbarrosbertolaccini/PROJETOS/sd-025-b-project-starwars-planets-search/src/components/Table.js": {"path":"/Users/lilianbarrosbertolaccini/PROJETOS/sd-025-b-project-starwars-planets-search/src/components/Table.js","statementMap":{"0":{"start":{"line":6,"column":25},"end":{"line":6,"column":51}},"1":{"start":{"line":8,"column":2},"end":{"line":53,"column":4}},"2":{"start":{"line":33,"column":16},"end":{"line":47,"column":21}}},"fnMap":{"0":{"name":"Table","decl":{"start":{"line":5,"column":9},"end":{"line":5,"column":14}},"loc":{"start":{"line":5,"column":17},"end":{"line":54,"column":1}},"line":5},"1":{"name":"(anonymous_1)","decl":{"start":{"line":32,"column":19},"end":{"line":32,"column":20}},"loc":{"start":{"line":33,"column":16},"end":{"line":47,"column":21}},"line":33}},"branchMap":{"0":{"loc":{"start":{"line":31,"column":12},"end":{"line":48,"column":16}},"type":"binary-expr","locations":[{"start":{"line":31,"column":12},"end":{"line":31,"column":22}},{"start":{"line":31,"column":26},"end":{"line":48,"column":16}}],"line":31}},"s":{"0":13,"1":13,"2":62},"f":{"0":13,"1":62},"b":{"0":[13,13]},"_coverageSchema":"1a1c01bbd47fc00a2c39e90264f33305004495a9","hash":"3947d65b620f622d4b3e05cae17cf032f2bf52ba"}
,"/Users/lilianbarrosbertolaccini/PROJETOS/sd-025-b-project-starwars-planets-search/src/context/StarWarContext.js": {"path":"/Users/lilianbarrosbertolaccini/PROJETOS/sd-025-b-project-starwars-planets-search/src/context/StarWarContext.js","statementMap":{"0":{"start":{"line":3,"column":23},"end":{"line":3,"column":38}}},"fnMap":{},"branchMap":{},"s":{"0":1},"f":{},"b":{},"_coverageSchema":"1a1c01bbd47fc00a2c39e90264f33305004495a9","hash":"c9d2a7b8b45a931821f04203bcdfc0d1d0164e8e"}
,"/Users/lilianbarrosbertolaccini/PROJETOS/sd-025-b-project-starwars-planets-search/src/context/StarWarProvider.js": {"path":"/Users/lilianbarrosbertolaccini/PROJETOS/sd-025-b-project-starwars-planets-search/src/context/StarWarProvider.js","statementMap":{"0":{"start":{"line":8,"column":40},"end":{"line":8,"column":52}},"1":{"start":{"line":9,"column":38},"end":{"line":9,"column":50}},"2":{"start":{"line":10,"column":30},"end":{"line":10,"column":42}},"3":{"start":{"line":11,"column":40},"end":{"line":11,"column":52}},"4":{"start":{"line":20,"column":2},"end":{"line":23,"column":9}},"5":{"start":{"line":21,"column":16},"end":{"line":21,"column":70}},"6":{"start":{"line":21,"column":50},"end":{"line":21,"column":69}},"7":{"start":{"line":22,"column":4},"end":{"line":22,"column":24}},"8":{"start":{"line":25,"column":16},"end":{"line":35,"column":53}},"9":{"start":{"line":25,"column":31},"end":{"line":35,"column":3}},"10":{"start":{"line":37,"column":2},"end":{"line":41,"column":4}},"11":{"start":{"line":44,"column":0},"end":{"line":46,"column":2}}},"fnMap":{"0":{"name":"StarWarProvider","decl":{"start":{"line":6,"column":9},"end":{"line":6,"column":24}},"loc":{"start":{"line":6,"column":39},"end":{"line":42,"column":1}},"line":6},"1":{"name":"(anonymous_1)","decl":{"start":{"line":20,"column":12},"end":{"line":20,"column":13}},"loc":{"start":{"line":20,"column":18},"end":{"line":23,"column":3}},"line":20},"2":{"name":"(anonymous_2)","decl":{"start":{"line":21,"column":42},"end":{"line":21,"column":43}},"loc":{"start":{"line":21,"column":50},"end":{"line":21,"column":69}},"line":21},"3":{"name":"(anonymous_3)","decl":{"start":{"line":25,"column":24},"end":{"line":25,"column":25}},"loc":{"start":{"line":25,"column":31},"end":{"line":35,"column":3}},"line":25}},"branchMap":{},"s":{"0":13,"1":13,"2":13,"3":13,"4":13,"5":2,"6":20,"7":2,"8":13,"9":13,"10":13,"11":1},"f":{"0":13,"1":2,"2":20,"3":13},"b":{},"_coverageSchema":"1a1c01bbd47fc00a2c39e90264f33305004495a9","hash":"9cdd0d101c3e24cd0aa46d3ff09d2cdde8148cd7"}
,"/Users/lilianbarrosbertolaccini/PROJETOS/sd-025-b-project-starwars-planets-search/src/service/requestAPI.js": {"path":"/Users/lilianbarrosbertolaccini/PROJETOS/sd-025-b-project-starwars-planets-search/src/service/requestAPI.js","statementMap":{"0":{"start":{"line":11,"column":17},"end":{"line":11,"column":31}},"1":{"start":{"line":11,"column":23},"end":{"line":11,"column":31}}},"fnMap":{"0":{"name":"(anonymous_0)","decl":{"start":{"line":11,"column":17},"end":{"line":11,"column":18}},"loc":{"start":{"line":11,"column":23},"end":{"line":11,"column":31}},"line":11}},"branchMap":{},"s":{"0":1,"1":2},"f":{"0":2},"b":{},"_coverageSchema":"1a1c01bbd47fc00a2c39e90264f33305004495a9","hash":"b2768fd89eb1d38e2043e635ca0eabc074a3e163"}
,"/Users/lilianbarrosbertolaccini/PROJETOS/sd-025-b-project-starwars-planets-search/src/tests/mock.js": {"path":"/Users/lilianbarrosbertolaccini/PROJETOS/sd-025-b-project-starwars-planets-search/src/tests/mock.js","statementMap":{"0":{"start":{"line":1,"column":17},"end":{"line":239,"column":1}}},"fnMap":{},"branchMap":{},"s":{"0":1},"f":{},"b":{},"_coverageSchema":"1a1c01bbd47fc00a2c39e90264f33305004495a9","hash":"0f7adaa9358e30bcdc8921da4645da1e8547c1f5"}
}
