TN:
SF:src/App.css
FNF:0
FNH:0
DA:1,1
LF:1
LH:1
BRF:0
BRH:0
end_of_record
TN:
SF:src/App.js
FN:6,App
FNF:1
FNH:1
FNDA:2,App
DA:7,2
LF:1
LH:1
BRF:0
BRH:0
end_of_record
TN:
SF:src/components/Forms.js
FN:5,Forms
FN:33,(anonymous_1)
FN:35,(anonymous_2)
FN:38,(anonymous_3)
FN:41,(anonymous_4)
FN:48,(anonymous_5)
FN:56,(anonymous_6)
FN:57,(anonymous_7)
FN:58,(anonymous_8)
FN:66,(anonymous_9)
FN:68,(anonymous_10)
FN:70,(anonymous_11)
FN:72,(anonymous_12)
FN:74,(anonymous_13)
FN:87,(anonymous_14)
FN:96,(anonymous_15)
FN:127,(anonymous_16)
FN:135,(anonymous_17)
FN:137,(anonymous_18)
FN:139,(anonymous_19)
FN:140,(anonymous_20)
FN:153,(anonymous_21)
FN:163,(anonymous_22)
FN:168,(anonymous_23)
FN:179,(anonymous_24)
FN:189,(anonymous_25)
FNF:26
FNH:16
FNDA:26,Forms
FNDA:10,(anonymous_1)
FNDA:10,(anonymous_2)
FNDA:6,(anonymous_3)
FNDA:20,(anonymous_4)
FNDA:5,(anonymous_5)
FNDA:2,(anonymous_6)
FNDA:10,(anonymous_7)
FNDA:2,(anonymous_8)
FNDA:0,(anonymous_9)
FNDA:0,(anonymous_10)
FNDA:0,(anonymous_11)
FNDA:0,(anonymous_12)
FNDA:0,(anonymous_13)
FNDA:2,(anonymous_14)
FNDA:126,(anonymous_15)
FNDA:4,(anonymous_16)
FNDA:1,(anonymous_17)
FNDA:1,(anonymous_18)
FNDA:0,(anonymous_19)
FNDA:5,(anonymous_20)
FNDA:0,(anonymous_21)
FNDA:0,(anonymous_22)
FNDA:130,(anonymous_23)
FNDA:0,(anonymous_24)
FNDA:0,(anonymous_25)
DA:15,26
DA:17,26
DA:25,26
DA:26,26
DA:31,26
DA:33,26
DA:34,10
DA:35,10
DA:38,26
DA:39,6
DA:40,2
DA:41,20
DA:42,2
DA:44,4
DA:48,26
DA:49,5
DA:56,26
DA:57,10
DA:58,2
DA:59,2
DA:60,2
DA:61,2
DA:62,2
DA:66,26
DA:67,0
DA:68,0
DA:69,0
DA:70,0
DA:71,0
DA:72,0
DA:74,0
DA:76,0
DA:79,26
DA:87,2
DA:97,126
DA:128,4
DA:136,1
DA:137,1
DA:138,1
DA:139,1
DA:140,5
DA:141,1
DA:142,1
DA:143,1
DA:153,0
DA:164,0
DA:168,130
DA:179,0
DA:189,0
LF:49
LH:37
BRDA:39,0,0,2
BRDA:39,0,1,4
BRDA:71,1,0,0
BRDA:71,1,1,0
BRF:4
BRH:2
end_of_record
TN:
SF:src/components/NumberFilter.js
FN:1,(anonymous_0)
FN:3,(anonymous_1)
FN:4,(anonymous_2)
FNF:3
FNH:3
FNDA:3,(anonymous_0)
FNDA:2,(anonymous_1)
FNDA:20,(anonymous_2)
DA:1,1
DA:2,3
DA:3,3
DA:4,2
DA:5,20
DA:6,0
DA:8,20
DA:9,10
DA:11,10
DA:12,10
DA:14,0
DA:16,2
DA:18,3
LF:13
LH:11
BRDA:5,0,0,0
BRDA:5,0,1,20
BRDA:8,1,0,10
BRDA:8,1,1,10
BRDA:11,2,0,10
BRDA:11,2,1,0
BRF:6
BRH:4
end_of_record
TN:
SF:src/components/Table.js
FN:5,Table
FN:32,(anonymous_1)
FNF:2
FNH:2
FNDA:13,Table
FNDA:62,(anonymous_1)
DA:6,13
DA:8,13
DA:33,62
LF:3
LH:3
BRDA:31,0,0,13
BRDA:31,0,1,13
BRF:2
BRH:2
end_of_record
TN:
SF:src/context/StarWarContext.js
FNF:0
FNH:0
DA:3,1
LF:1
LH:1
BRF:0
BRH:0
end_of_record
TN:
SF:src/context/StarWarProvider.js
FN:6,StarWarProvider
FN:20,(anonymous_1)
FN:21,(anonymous_2)
FN:25,(anonymous_3)
FNF:4
FNH:4
FNDA:13,StarWarProvider
FNDA:2,(anonymous_1)
FNDA:20,(anonymous_2)
FNDA:13,(anonymous_3)
DA:8,13
DA:9,13
DA:10,13
DA:11,13
DA:20,13
DA:21,20
DA:22,2
DA:25,13
DA:37,13
DA:44,1
LF:10
LH:10
BRF:0
BRH:0
end_of_record
TN:
SF:src/service/requestAPI.js
FN:11,(anonymous_0)
FNF:1
FNH:1
FNDA:2,(anonymous_0)
DA:11,2
LF:1
LH:1
BRF:0
BRH:0
end_of_record
TN:
SF:src/tests/mock.js
FNF:0
FNH:0
DA:1,1
LF:1
LH:1
BRF:0
BRH:0
end_of_record
